\BOOKMARK [1][-]{chapter*.10}{\376\377\000\315\000n\000d\000i\000c\000e\000\040\000d\000e\000\040\000t\000a\000b\000l\000a\000s}{}% 1
\BOOKMARK [1][-]{chapter*.11}{\376\377\000\315\000n\000d\000i\000c\000e\000\040\000d\000e\000\040\000f\000i\000g\000u\000r\000a\000s}{}% 2
\BOOKMARK [0][-]{chapter.1}{\376\377\000I\000n\000t\000r\000o\000d\000u\000c\000c\000i\000\363\000n}{}% 3
\BOOKMARK [0][-]{chapter.2}{\376\377\000E\000s\000t\000a\000d\000o\000\040\000d\000e\000l\000\040\000a\000r\000t\000e}{}% 4
\BOOKMARK [0][-]{chapter.3}{\376\377\000P\000r\000o\000p\000u\000e\000s\000t\000a}{}% 5
\BOOKMARK [0][-]{chapter.4}{\376\377\000D\000i\000s\000e\000\361\000o}{}% 6
\BOOKMARK [0][-]{chapter.5}{\376\377\000D\000e\000s\000a\000r\000r\000o\000l\000l\000o\000\040\000d\000e\000l\000\040\000p\000r\000o\000y\000e\000c\000t\000o}{}% 7
\BOOKMARK [1][-]{subsection.5.0.1}{\376\377\000S\000e\000r\000v\000i\000d\000o\000r\000\040\000n\000g\000i\000n\000x\000\040\000H\000L\000S\000\040}{chapter.5}% 8
\BOOKMARK [0][-]{chapter.6}{\376\377\000P\000r\000u\000e\000b\000a\000s}{}% 9
\BOOKMARK [0][-]{chapter.7}{\376\377\000C\000o\000n\000c\000l\000u\000s\000i\000o\000n\000e\000s}{}% 10
\BOOKMARK [0][-]{chapter*.32}{\376\377\000B\000i\000b\000l\000i\000o\000g\000r\000a\000f\000\355\000a}{}% 11
\BOOKMARK [0][-]{appendix.Alph1}{}{}% 12
\BOOKMARK [1][-]{section.Alph1.1}{\376\377\000F\000e\000\040\000d\000e\000\040\000e\000r\000r\000a\000t\000a\000s}{appendix.Alph1}% 13
\BOOKMARK [0][-]{appendix.Alph2}{}{}% 14
\BOOKMARK [1][-]{section.Alph2.1}{\376\377\000V\000i\000r\000t\000u\000a\000l\000B\000o\000x}{appendix.Alph2}% 15
\BOOKMARK [2][-]{subsection.Alph2.1.1}{\376\377\000i\000n\000s\000t\000a\000l\000a\000c\000i\000\363\000n}{section.Alph2.1}% 16
\BOOKMARK [2][-]{subsection.Alph2.1.2}{\376\377\000G\000u\000e\000s\000t\000\040\000A\000d\000d\000i\000t\000i\000o\000n\000s}{section.Alph2.1}% 17
\BOOKMARK [1][-]{section.Alph2.2}{\376\377\000I\000n\000s\000t\000a\000l\000a\000c\000i\000\363\000n\000\040\000d\000e\000\040\000A\000n\000s\000i\000b\000l\000e\000\040\000a\000n\000d\000\040\000s\000s\000h\000p\000a\000s\000s}{appendix.Alph2}% 18
\BOOKMARK [1][-]{section.Alph2.3}{\376\377\000I\000n\000s\000t\000a\000l\000a\000c\000i\000\363\000n\000\040\000d\000e\000\040\000d\000e\000\040\000k\000u\000b\000e\000a\000d\000m}{appendix.Alph2}% 19
\BOOKMARK [2][-]{subsection.Alph2.3.1}{\376\377\000i\000n\000s\000t\000a\000l\000a\000c\000i\000\363\000n\000\040\000k\000u\000b\000e\000c\000t\000l}{section.Alph2.3}% 20
\BOOKMARK [2][-]{subsection.Alph2.3.2}{\376\377\000I\000n\000s\000t\000a\000l\000a\000c\000i\000\363\000n\000\040\000d\000e\000\040\000d\000o\000c\000k\000e\000r\000\040\000E\000n\000g\000i\000n\000e}{section.Alph2.3}% 21
\BOOKMARK [1][-]{section.Alph2.4}{\376\377\000C\000r\000e\000a\000c\000i\000\363\000n\000\040\000d\000e\000l\000\040\000c\000l\000u\000s\000t\000e\000r}{appendix.Alph2}% 22
\BOOKMARK [1][-]{section.Alph2.5}{\376\377\000I\000n\000s\000t\000a\000l\000a\000r\000\040\000o\000b\000s\000\040\000s\000t\000u\000d\000i\000o}{appendix.Alph2}% 23
